{
  "RSpec": {
    "coverage": {
      "/Volumes/Data/Git/ratebeer/app/models/beer.rb": {
        "lines": [
          1,
          1,
          null,
          1,
          1,
          1,
          null,
          1,
          1,
          null,
          1,
          0,
          null,
          0,
          null,
          null,
          1,
          2,
          null,
          null
        ]
      },
      "/Volumes/Data/Git/ratebeer/app/models/application_record.rb": {
        "lines": [
          1,
          1,
          null
        ]
      },
      "/Volumes/Data/Git/ratebeer/app/models/concerns/rating_average.rb": {
        "lines": [
          1,
          1,
          null,
          1,
          7,
          null,
          null
        ]
      },
      "/Volumes/Data/Git/ratebeer/app/models/user.rb": {
        "lines": [
          1,
          1,
          null,
          1,
          null,
          1,
          1,
          1,
          1,
          null,
          1,
          null,
          null,
          1,
          null,
          null,
          1,
          3,
          null,
          2,
          null,
          null,
          1,
          8,
          null,
          7,
          7,
          null,
          null,
          1,
          8,
          null,
          7,
          7,
          null,
          null
        ]
      },
      "/Volumes/Data/Git/ratebeer/app/models/brewery.rb": {
        "lines": [
          1,
          1,
          null,
          1,
          1,
          null,
          1,
          1,
          null,
          1,
          null,
          1,
          32,
          null,
          null,
          1,
          0,
          0,
          0,
          null,
          null,
          1,
          0,
          0,
          null,
          null
        ]
      },
      "/Volumes/Data/Git/ratebeer/app/controllers/sessions_controller.rb": {
        "lines": [
          1,
          1,
          null,
          null,
          null,
          1,
          7,
          7,
          6,
          6,
          null,
          1,
          null,
          null,
          null,
          1,
          0,
          0,
          null,
          null
        ]
      },
      "/Volumes/Data/Git/ratebeer/app/controllers/application_controller.rb": {
        "lines": [
          1,
          null,
          1,
          null,
          1,
          95,
          null,
          66,
          null,
          null,
          1,
          4,
          null,
          null
        ]
      },
      "/Volumes/Data/Git/ratebeer/app/controllers/users_controller.rb": {
        "lines": [
          1,
          1,
          null,
          null,
          1,
          0,
          null,
          null,
          null,
          1,
          null,
          null,
          null,
          1,
          1,
          null,
          null,
          null,
          1,
          null,
          null,
          null,
          1,
          1,
          null,
          1,
          1,
          2,
          1,
          null,
          0,
          0,
          null,
          null,
          null,
          null,
          null,
          1,
          0,
          0,
          0,
          0,
          null,
          0,
          0,
          null,
          null,
          null,
          null,
          null,
          1,
          0,
          0,
          0,
          0,
          null,
          null,
          1,
          null,
          null,
          1,
          12,
          null,
          null,
          null,
          1,
          1,
          null,
          null
        ]
      },
      "/Volumes/Data/Git/ratebeer/app/models/rating.rb": {
        "lines": [
          1,
          1,
          1,
          null,
          1,
          null,
          null,
          null,
          1,
          8,
          null,
          null
        ]
      },
      "/Volumes/Data/Git/ratebeer/app/models/membership.rb": {
        "lines": [
          1,
          1,
          1,
          null
        ]
      },
      "/Volumes/Data/Git/ratebeer/app/models/beer_club.rb": {
        "lines": [
          1,
          1,
          1,
          null,
          1,
          1,
          1,
          null
        ]
      },
      "/Volumes/Data/Git/ratebeer/app/controllers/beers_controller.rb": {
        "lines": [
          1,
          1,
          1,
          1,
          null,
          1,
          3,
          3,
          null,
          null,
          null,
          1,
          1,
          null,
          null,
          null,
          1,
          null,
          null,
          null,
          1,
          2,
          null,
          null,
          null,
          1,
          null,
          null,
          null,
          1,
          2,
          null,
          2,
          2,
          2,
          1,
          null,
          1,
          2,
          1,
          null,
          null,
          null,
          null,
          null,
          1,
          0,
          0,
          0,
          0,
          null,
          0,
          0,
          null,
          null,
          null,
          null,
          null,
          1,
          0,
          null,
          0,
          0,
          0,
          null,
          null,
          null,
          1,
          null,
          null,
          1,
          0,
          null,
          null,
          null,
          1,
          2,
          null,
          null
        ]
      },
      "/Volumes/Data/Git/ratebeer/app/controllers/breweries_controller.rb": {
        "lines": [
          1,
          1,
          1,
          null,
          null,
          1,
          3,
          null,
          null,
          null,
          1,
          null,
          null,
          null,
          1,
          0,
          null,
          null,
          null,
          1,
          null,
          null,
          null,
          1,
          0,
          null,
          0,
          0,
          0,
          0,
          null,
          0,
          0,
          null,
          null,
          null,
          null,
          null,
          1,
          0,
          0,
          0,
          0,
          null,
          0,
          0,
          null,
          null,
          null,
          null,
          null,
          1,
          0,
          null,
          0,
          0,
          0,
          null,
          null,
          null,
          1,
          null,
          null,
          1,
          1,
          null,
          null,
          null,
          1,
          0,
          null,
          null
        ]
      },
      "/Volumes/Data/Git/ratebeer/app/controllers/ratings_controller.rb": {
        "lines": [
          1,
          1,
          1,
          null,
          null,
          1,
          1,
          1,
          null,
          null,
          1,
          1,
          1,
          null,
          1,
          1,
          null,
          0,
          0,
          null,
          null,
          null,
          1,
          1,
          1,
          1,
          null,
          null
        ]
      },
      "/Volumes/Data/Git/ratebeer/app/channels/application_cable/channel.rb": {
        "lines": [
          0,
          0,
          0,
          0
        ],
        "branches": {
        }
      },
      "/Volumes/Data/Git/ratebeer/app/channels/application_cable/connection.rb": {
        "lines": [
          0,
          0,
          0,
          0
        ],
        "branches": {
        }
      },
      "/Volumes/Data/Git/ratebeer/app/controllers/beer_clubs_controller.rb": {
        "lines": [
          0,
          0,
          0,
          null,
          null,
          0,
          0,
          0,
          null,
          null,
          0,
          0,
          null,
          null,
          0,
          0,
          0,
          null,
          null,
          0,
          0,
          null,
          null,
          0,
          0,
          null,
          0,
          0,
          0,
          0,
          0,
          0,
          0,
          0,
          0,
          0,
          null,
          null,
          0,
          0,
          0,
          0,
          0,
          0,
          0,
          0,
          0,
          0,
          0,
          null,
          null,
          0,
          0,
          null,
          0,
          0,
          0,
          0,
          0,
          null,
          0,
          null,
          null,
          0,
          0,
          0,
          null,
          null,
          0,
          0,
          0,
          0
        ],
        "branches": {
        }
      },
      "/Volumes/Data/Git/ratebeer/app/controllers/memberships_controller.rb": {
        "lines": [
          0,
          0,
          null,
          null,
          0,
          0,
          0,
          null,
          null,
          0,
          0,
          null,
          null,
          0,
          0,
          0,
          0,
          null,
          null,
          0,
          0,
          null,
          null,
          0,
          0,
          0,
          null,
          0,
          0,
          0,
          0,
          0,
          0,
          0,
          null,
          null,
          0,
          0,
          0,
          0,
          0,
          0,
          0,
          0,
          0,
          0,
          0,
          null,
          null,
          0,
          0,
          null,
          0,
          0,
          0,
          0,
          0,
          null,
          0,
          null,
          null,
          0,
          0,
          0,
          null,
          null,
          0,
          0,
          0,
          0
        ],
        "branches": {
        }
      },
      "/Volumes/Data/Git/ratebeer/app/helpers/application_helper.rb": {
        "lines": [
          0,
          0
        ],
        "branches": {
        }
      },
      "/Volumes/Data/Git/ratebeer/app/helpers/beer_clubs_helper.rb": {
        "lines": [
          0,
          0
        ],
        "branches": {
        }
      },
      "/Volumes/Data/Git/ratebeer/app/helpers/beers_helper.rb": {
        "lines": [
          0,
          0
        ],
        "branches": {
        }
      },
      "/Volumes/Data/Git/ratebeer/app/helpers/breweries_helper.rb": {
        "lines": [
          0,
          0
        ],
        "branches": {
        }
      },
      "/Volumes/Data/Git/ratebeer/app/helpers/memberships_helper.rb": {
        "lines": [
          0,
          0
        ],
        "branches": {
        }
      },
      "/Volumes/Data/Git/ratebeer/app/helpers/users_helper.rb": {
        "lines": [
          0,
          0
        ],
        "branches": {
        }
      },
      "/Volumes/Data/Git/ratebeer/app/jobs/application_job.rb": {
        "lines": [
          0,
          null,
          null,
          null,
          null,
          null,
          0
        ],
        "branches": {
        }
      },
      "/Volumes/Data/Git/ratebeer/app/mailers/application_mailer.rb": {
        "lines": [
          0,
          0,
          0,
          0
        ],
        "branches": {
        }
      }
    },
    "timestamp": 1671831592
  }
}
